cargo :     Checking compiler v0.1.0 (D:\master\AADL2Rust\Rust_Practice\aadl2rust\compiler)
所在位置 行:1 字符: 1
+ cargo clippy --release 2>&1 | Out-File -Encoding utf8 clippy.log
+ ~~~~~~~~~~~~~~~~~~~~~~~~~~~
    + CategoryInfo          : NotSpecified: (    Checking co...2rust\compiler):String) [], RemoteException
    + FullyQualifiedErrorId : NativeCommandError
 
warning: unused import: `char::ToLowercase`
  --> src\transform.rs:48:11
   |
48 | use std::{char::ToLowercase, sync::Mutex};
   |           ^^^^^^^^^^^^^^^^^
   |
   = note: `#[warn(unused_imports)]` (part of `#[warn(unused)]`) on by default

warning: the borrowed expression implements the required traits
   --> src\test_mod.rs:165:41
    |
165 |     let aadl_input = fs::read_to_string(&full_path)
    |                                         ^^^^^^^^^^ help: change this to: `full_path`
    |
    = help: for further information visit https://rust-lang.github.io/rust-clippy/rust-1.91.0/index.html#needless_borrows_for_generic_args
    = note: `#[warn(clippy::needless_borrows_for_generic_args)]` on by default

warning: `compiler` (lib) generated 2 warnings (run `cargo clippy --fix --lib -p compiler` to apply 2 suggestions)
warning: this boolean expression can be simplified
  --> src\main.rs:51:12
   |
51 |         if !fs::metadata("generate").is_ok() {
   |            ^^^^^^^^^^^^^^^^^^^^^^^^^^^^^^^^^ help: try: `fs::metadata("generate").is_err()`
   |
   = help: for further information visit https://rust-lang.github.io/rust-clippy/rust-1.91.0/index.html#nonminimal_bool
   = note: `#[warn(clippy::nonminimal_bool)]` on by default

warning: this boolean expression can be simplified
   --> src\main.rs:249:16
    |
249 |             if !fs::metadata("generate").is_ok() {
    |                ^^^^^^^^^^^^^^^^^^^^^^^^^^^^^^^^^ help: try: `fs::metadata("generate").is_err()`
    |
    = help: for further information visit https://rust-lang.github.io/rust-clippy/rust-1.91.0/index.html#nonminimal_bool

warning: this boolean expression can be simplified
   --> src\main.rs:278:16
    |
278 |             if !fs::metadata("generate/temp").is_ok() {
    |                ^^^^^^^^^^^^^^^^^^^^^^^^^^^^^^^^^^^^^^ help: try: `fs::metadata("generate/temp").is_err()`
    |
    = help: for further information visit https://rust-lang.github.io/rust-clippy/rust-1.91.0/index.html#nonminimal_bool

warning: this boolean expression can be simplified
   --> src\main.rs:283:16
    |
283 |             if !fs::metadata("generate/project").is_ok() {
    |                ^^^^^^^^^^^^^^^^^^^^^^^^^^^^^^^^^^^^^^^^^ help: try: `fs::metadata("generate/project").is_err()`
    |
    = help: for further information visit https://rust-lang.github.io/rust-clippy/rust-1.91.0/index.html#nonminimal_bool

warning: you seem to use `.enumerate()` and immediately discard the index
   --> src\main.rs:312:38
    |
312 |             for (_index, package) in ast.iter().enumerate() {
    |                                      ^^^^^^^^^^^^^^^^^^^^^^
    |
    = help: for further information visit https://rust-lang.github.io/rust-clippy/rust-1.91.0/index.html#unused_enumerate_index
    = note: `#[warn(clippy::unused_enumerate_index)]` on by default
help: remove the `.enumerate()` call
    |
312 -             for (_index, package) in ast.iter().enumerate() {
312 +             for package in ast.iter() {
    |

warning: calling `push_str()` using a single-character string literal
   --> src\main.rs:377:13
    |
377 |             merged.push_str("\n");
    |             ^^^^^^^^^^^^^^^^^^^^^ help: consider using `push` with a character literal: `merged.push('\n')`
    |
    = help: for further information visit https://rust-lang.github.io/rust-clippy/rust-1.91.0/index.html#single_char_add_str
    = note: `#[warn(clippy::single_char_add_str)]` on by default

warning: calling `push_str()` using a single-character string literal
   --> src\main.rs:380:13
    |
380 |             merged.push_str("\n");
    |             ^^^^^^^^^^^^^^^^^^^^^ help: consider using `push` with a character literal: `merged.push('\n')`
    |
    = help: for further information visit https://rust-lang.github.io/rust-clippy/rust-1.91.0/index.html#single_char_add_str

warning: unneeded unit return type
   --> src\main.rs:397:2
    |
397 | ) -> () {
    |  ^^^^^^ help: remove the `-> ()`
    |
    = help: for further information visit https://rust-lang.github.io/rust-clippy/rust-1.91.0/index.html#unused_unit
    = note: `#[warn(clippy::unused_unit)]` on by default

warning: this expression creates a reference which is immediately dereferenced by the compiler
   --> src\main.rs:401:49
    |
401 |     let rust_module = converter.convert_package(&aadl_pkg);
    |                                                 ^^^^^^^^^ help: change this to: `aadl_pkg`
    |
    = help: for further information visit https://rust-lang.github.io/rust-clippy/rust-1.91.0/index.html#needless_borrow
    = note: `#[warn(clippy::needless_borrow)]` on by default

warning: `compiler` (bin "compiler") generated 9 warnings (run `cargo clippy --fix --bin "compiler"` to apply 9 suggestions)
    Finished `release` profile [optimized] target(s) in 3.29s
